Using pre-set license
Built from '2020.3/staging' branch; Version is '2020.3.18f1 (a7d1c678663c) revision 10998214'; Using compiler version '192528614'; Build Type 'Release'
OS: 'Windows 10 Pro; OS build 22000.469; Version 2009; 64bit' Language: 'en' Physical Memory: 16306 MB
BatchMode: 1, IsHumanControllingUs: 0, StartBugReporterOnCrash: 0, Is64bit: 1, IsPro: 0

COMMAND LINE ARGUMENTS:
C:\Program Files\Unity\Hub\Editor\2020.3.18f1\Editor\Unity.exe
-adb2
-batchMode
-noUpm
-name
AssetImportWorker0
-projectPath
D:/GIC2022/GIC2022/Game-Innovation-Challenge-2022-UWS-Team/GIC2022 - UWS TEAM
-logFile
Logs/AssetImportWorker0.log
-srvPort
59829
Successfully changed project path to: D:/GIC2022/GIC2022/Game-Innovation-Challenge-2022-UWS-Team/GIC2022 - UWS TEAM
D:/GIC2022/GIC2022/Game-Innovation-Challenge-2022-UWS-Team/GIC2022 - UWS TEAM
Using Asset Import Pipeline V2.
Refreshing native plugins compatible for Editor in 37.61 ms, found 2 plugins.
Preloading 0 native plugins for Editor in 0.00 ms.
Initialize engine version: 2020.3.18f1 (a7d1c678663c)
[Subsystems] Discovering subsystems at path C:/Program Files/Unity/Hub/Editor/2020.3.18f1/Editor/Data/Resources/UnitySubsystems
[Subsystems] Discovering subsystems at path D:/GIC2022/GIC2022/Game-Innovation-Challenge-2022-UWS-Team/GIC2022 - UWS TEAM/Assets
GfxDevice: creating device client; threaded=0
Direct3D:
    Version:  Direct3D 11.0 [level 11.1]
    Renderer: NVIDIA GeForce RTX 2070 SUPER (ID=0x1e84)
    Vendor:   
    VRAM:     8011 MB
    Driver:   30.0.14.9649
Initialize mono
Mono path[0] = 'C:/Program Files/Unity/Hub/Editor/2020.3.18f1/Editor/Data/Managed'
Mono path[1] = 'C:/Program Files/Unity/Hub/Editor/2020.3.18f1/Editor/Data/MonoBleedingEdge/lib/mono/unityjit'
Mono config path = 'C:/Program Files/Unity/Hub/Editor/2020.3.18f1/Editor/Data/MonoBleedingEdge/etc'
Using monoOptions --debugger-agent=transport=dt_socket,embedding=1,server=y,suspend=n,address=127.0.0.1:56168
Begin MonoManager ReloadAssembly
Registering precompiled unity dll's ...
Register platform support module: C:/Program Files/Unity/Hub/Editor/2020.3.18f1/Editor/Data/PlaybackEngines/WindowsStandaloneSupport/UnityEditor.WindowsStandalone.Extensions.dll
Registered in 0.001212 seconds.
Native extension for WindowsStandalone target not found
Refreshing native plugins compatible for Editor in 36.57 ms, found 2 plugins.
Preloading 0 native plugins for Editor in 0.00 ms.
Mono: successfully reloaded assembly
- Completed reload, in  0.999 seconds
Domain Reload Profiling:
	ReloadAssembly (999ms)
		BeginReloadAssembly (42ms)
			ExecutionOrderSort (0ms)
			DisableScriptedObjects (0ms)
			BackupInstance (0ms)
			ReleaseScriptingObjects (0ms)
			CreateAndSetChildDomain (1ms)
		EndReloadAssembly (351ms)
			LoadAssemblies (41ms)
			RebuildTransferFunctionScriptingTraits (0ms)
			SetupTypeCache (110ms)
			ReleaseScriptCaches (0ms)
			RebuildScriptCaches (29ms)
			SetupLoadedEditorAssemblies (150ms)
				LogAssemblyErrors (0ms)
				InitializePlatformSupportModulesInManaged (3ms)
				SetLoadedEditorAssemblies (0ms)
				RefreshPlugins (37ms)
				BeforeProcessingInitializeOnLoad (13ms)
				ProcessInitializeOnLoadAttributes (72ms)
				ProcessInitializeOnLoadMethodAttributes (24ms)
				AfterProcessingInitializeOnLoad (0ms)
				EditorAssembliesLoaded (0ms)
			ExecutionOrderSort2 (0ms)
			AwakeInstancesAfterBackupRestoration (0ms)
Platform modules already initialized, skipping
Registering precompiled user dll's ...
Registered in 0.002028 seconds.
Begin MonoManager ReloadAssembly
Native extension for WindowsStandalone target not found
Refreshing native plugins compatible for Editor in 0.49 ms, found 2 plugins.
Preloading 0 native plugins for Editor in 0.00 ms.
Mono: successfully reloaded assembly
- Completed reload, in  1.168 seconds
Domain Reload Profiling:
	ReloadAssembly (1169ms)
		BeginReloadAssembly (111ms)
			ExecutionOrderSort (0ms)
			DisableScriptedObjects (4ms)
			BackupInstance (0ms)
			ReleaseScriptingObjects (0ms)
			CreateAndSetChildDomain (16ms)
		EndReloadAssembly (1008ms)
			LoadAssemblies (71ms)
			RebuildTransferFunctionScriptingTraits (0ms)
			SetupTypeCache (210ms)
			ReleaseScriptCaches (0ms)
			RebuildScriptCaches (48ms)
			SetupLoadedEditorAssemblies (606ms)
				LogAssemblyErrors (0ms)
				InitializePlatformSupportModulesInManaged (5ms)
				SetLoadedEditorAssemblies (0ms)
				RefreshPlugins (1ms)
				BeforeProcessingInitializeOnLoad (74ms)
				ProcessInitializeOnLoadAttributes (193ms)
				ProcessInitializeOnLoadMethodAttributes (329ms)
				AfterProcessingInitializeOnLoad (4ms)
				EditorAssembliesLoaded (0ms)
			ExecutionOrderSort2 (0ms)
			AwakeInstancesAfterBackupRestoration (6ms)
Platform modules already initialized, skipping
========================================================================
Worker process is ready to serve import requests
Launched and connected shader compiler UnityShaderCompiler.exe after 0.04 seconds
Refreshing native plugins compatible for Editor in 0.47 ms, found 2 plugins.
Preloading 0 native plugins for Editor in 0.00 ms.
Unloading 2394 Unused Serialized files (Serialized files now loaded: 0)
System memory in use before: 138.8 MB.
System memory in use after: 137.6 MB.

Unloading 28 unused Assets to reduce memory usage. Loaded Objects now: 2818.
Total: 3.444000 ms (FindLiveObjects: 0.202500 ms CreateObjectMapping: 0.082600 ms MarkObjects: 2.429700 ms  DeleteObjects: 0.728500 ms)

AssetImportParameters requested are different than current active one (requested -> active):
  custom:framework-win-MediaFoundation: 216162199b28c13a410421893ffa2e32 -> 
  custom:video-decoder-ogg-theora: a1e56fd34408186e4bbccfd4996cb3dc -> 
  custom:container-muxer-webm: aa71ff27fc2769a1b78a27578f13a17b -> 
  custom:container-demuxer-webm: 4f35f7cbe854078d1ac9338744f61a02 -> 
  custom:container-demuxer-ogg: 62fdf1f143b41e24485cea50d1cbac27 -> 
  custom:video-encoder-webm-vp8: eb34c28f22e8b96e1ab97ce403110664 -> 
  custom:video-decoder-webm-vp8: 9c59270c3fd7afecdb556c50c9e8de78 -> 
  custom:audio-decoder-ogg-vorbis: bf7c407c2cedff20999df2af8eb42d56 -> 
  custom:audio-encoder-webm-vorbis: bf7c407c2cedff20999df2af8eb42d56 -> 
========================================================================
Received Import Request.
  path: Assets/Polaris - Low Poly Ecosystem/Jupiter - Procedural Sky/Sample/Scenes
  artifactKey: Guid(86fbf245a1a7d924381ca8536d6611ae) Importer(815301076,1909f56bfc062723c751e8b465ee728b)
Start importing Assets/Polaris - Low Poly Ecosystem/Jupiter - Procedural Sky/Sample/Scenes using Guid(86fbf245a1a7d924381ca8536d6611ae) Importer(815301076,1909f56bfc062723c751e8b465ee728b)  -> (artifact id: '848b9f3651a0e5236d82fff6bcd8cf4f') in 0.006599 seconds 
  Import took 0.009480 seconds .

========================================================================
Received Import Request.
  Time since last request: 0.000160 seconds.
  path: Assets/Polaris - Low Poly Ecosystem/Jupiter - Procedural Sky
  artifactKey: Guid(96444dd15c9a29843b69d6b602a3d706) Importer(815301076,1909f56bfc062723c751e8b465ee728b)
Start importing Assets/Polaris - Low Poly Ecosystem/Jupiter - Procedural Sky using Guid(96444dd15c9a29843b69d6b602a3d706) Importer(815301076,1909f56bfc062723c751e8b465ee728b)  -> (artifact id: 'c862e9c878cc9a6216277dd673c27996') in 0.008315 seconds 
  Import took 0.011136 seconds .

========================================================================
Received Import Request.
  Time since last request: 0.000163 seconds.
  path: Assets/Polaris - Low Poly Ecosystem/Jupiter - Procedural Sky/Sample
  artifactKey: Guid(2df03c33bc0b01545b8c224da0cd4fa0) Importer(815301076,1909f56bfc062723c751e8b465ee728b)
Start importing Assets/Polaris - Low Poly Ecosystem/Jupiter - Procedural Sky/Sample using Guid(2df03c33bc0b01545b8c224da0cd4fa0) Importer(815301076,1909f56bfc062723c751e8b465ee728b)  -> (artifact id: 'a1093c866702e9bbd62498d59c5c3a5b') in 0.009301 seconds 
  Import took 0.012424 seconds .

========================================================================
Received Import Request.
  Time since last request: 2.910055 seconds.
  path: Assets/Polaris - Low Poly Ecosystem/Jupiter - Procedural Sky/Sample/Scenes/DayNightCycle.unity
  artifactKey: Guid(dd938edb90000a947b131166dfda87f2) Importer(815301076,1909f56bfc062723c751e8b465ee728b)
Start importing Assets/Polaris - Low Poly Ecosystem/Jupiter - Procedural Sky/Sample/Scenes/DayNightCycle.unity using Guid(dd938edb90000a947b131166dfda87f2) Importer(815301076,1909f56bfc062723c751e8b465ee728b)  -> (artifact id: 'a7f355b66ba7de79b06f76a2b7c9c9f8') in 0.015532 seconds 
  Import took 0.018841 seconds .

========================================================================
Received Prepare
Registering precompiled user dll's ...
Registered in 0.002226 seconds.
Begin MonoManager ReloadAssembly
Native extension for WindowsStandalone target not found
Refreshing native plugins compatible for Editor in 0.47 ms, found 2 plugins.
Preloading 0 native plugins for Editor in 0.00 ms.
Mono: successfully reloaded assembly
- Completed reload, in  1.184 seconds
Domain Reload Profiling:
	ReloadAssembly (1184ms)
		BeginReloadAssembly (100ms)
			ExecutionOrderSort (0ms)
			DisableScriptedObjects (4ms)
			BackupInstance (0ms)
			ReleaseScriptingObjects (0ms)
			CreateAndSetChildDomain (36ms)
		EndReloadAssembly (1030ms)
			LoadAssemblies (73ms)
			RebuildTransferFunctionScriptingTraits (0ms)
			SetupTypeCache (220ms)
			ReleaseScriptCaches (1ms)
			RebuildScriptCaches (41ms)
			SetupLoadedEditorAssemblies (611ms)
				LogAssemblyErrors (0ms)
				InitializePlatformSupportModulesInManaged (5ms)
				SetLoadedEditorAssemblies (0ms)
				RefreshPlugins (1ms)
				BeforeProcessingInitializeOnLoad (70ms)
				ProcessInitializeOnLoadAttributes (192ms)
				ProcessInitializeOnLoadMethodAttributes (339ms)
				AfterProcessingInitializeOnLoad (4ms)
				EditorAssembliesLoaded (0ms)
			ExecutionOrderSort2 (0ms)
			AwakeInstancesAfterBackupRestoration (9ms)
Platform modules already initialized, skipping
Switching build target platform(19) subTarget(0) extendedPlatform(0) -> platform(13) subTarget(537395200) extendedPlatform(0)
Refreshing native plugins compatible for Editor in 0.47 ms, found 2 plugins.
Preloading 0 native plugins for Editor in 0.00 ms.
Unloading 2243 Unused Serialized files (Serialized files now loaded: 0)
System memory in use before: 119.8 MB.
System memory in use after: 118.6 MB.

Unloading 23 unused Assets to reduce memory usage. Loaded Objects now: 2820.
Total: 3.725700 ms (FindLiveObjects: 0.244500 ms CreateObjectMapping: 0.111900 ms MarkObjects: 2.496100 ms  DeleteObjects: 0.872400 ms)

AssetImportParameters requested are different than current active one (requested -> active):
  custom:framework-win-MediaFoundation: 216162199b28c13a410421893ffa2e32 -> 
  custom:video-decoder-ogg-theora: a1e56fd34408186e4bbccfd4996cb3dc -> 
  custom:container-muxer-webm: aa71ff27fc2769a1b78a27578f13a17b -> 
  custom:container-demuxer-webm: 4f35f7cbe854078d1ac9338744f61a02 -> 
  custom:container-demuxer-ogg: 62fdf1f143b41e24485cea50d1cbac27 -> 
  custom:video-encoder-webm-vp8: eb34c28f22e8b96e1ab97ce403110664 -> 
  custom:video-decoder-webm-vp8: 9c59270c3fd7afecdb556c50c9e8de78 -> 
  custom:graphics/normal-map-encoding: 01000000000000000000000000000000 -> 02000000000000000000000000000000
  custom:audio-decoder-ogg-vorbis: bf7c407c2cedff20999df2af8eb42d56 -> 
  custom:audio-encoder-webm-vorbis: bf7c407c2cedff20999df2af8eb42d56 -> 
========================================================================
Received Import Request.
  Time since last request: 28.859732 seconds.
  path: Assets/Polaris - Low Poly Ecosystem/Polaris - Low Poly Terrain Engine
  artifactKey: Guid(6638f055ff57b5d4a9d2760f8fac1d5d) Importer(815301076,1909f56bfc062723c751e8b465ee728b)
Start importing Assets/Polaris - Low Poly Ecosystem/Polaris - Low Poly Terrain Engine using Guid(6638f055ff57b5d4a9d2760f8fac1d5d) Importer(815301076,1909f56bfc062723c751e8b465ee728b)  -> (artifact id: 'a6fb5a8787819999eb8e1b9052f59754') in 0.011367 seconds 
  Import took 0.015023 seconds .

========================================================================
Received Import Request.
  Time since last request: 0.003162 seconds.
  path: Assets/Polaris - Low Poly Ecosystem/Polaris - Low Poly Terrain Engine
  artifactKey: Guid(6638f055ff57b5d4a9d2760f8fac1d5d) Importer(815301076,1909f56bfc062723c751e8b465ee728b)
Start importing Assets/Polaris - Low Poly Ecosystem/Polaris - Low Poly Terrain Engine using Guid(6638f055ff57b5d4a9d2760f8fac1d5d) Importer(815301076,1909f56bfc062723c751e8b465ee728b)  -> (artifact id: 'a6fb5a8787819999eb8e1b9052f59754') in 0.003005 seconds 
  Import took 0.005819 seconds .

========================================================================
Received Import Request.
  Time since last request: 1.717395 seconds.
  path: Assets/Polaris - Low Poly Ecosystem/Polaris - Low Poly Terrain Engine/Samples
  artifactKey: Guid(ad79873aaed88544db44e5f8ae3ef3e3) Importer(815301076,1909f56bfc062723c751e8b465ee728b)
Start importing Assets/Polaris - Low Poly Ecosystem/Polaris - Low Poly Terrain Engine/Samples using Guid(ad79873aaed88544db44e5f8ae3ef3e3) Importer(815301076,1909f56bfc062723c751e8b465ee728b)  -> (artifact id: '9ab0ccc5f7debf6daefdf0a12fd7b6d1') in 0.008837 seconds 
  Import took 0.012057 seconds .

========================================================================
Received Import Request.
  Time since last request: 1.906821 seconds.
  path: Assets/Polaris - Low Poly Ecosystem/Polaris - Low Poly Terrain Engine/Samples/Total Game Assets
  artifactKey: Guid(6c348e316e3980c418d90547963402d0) Importer(815301076,1909f56bfc062723c751e8b465ee728b)
Start importing Assets/Polaris - Low Poly Ecosystem/Polaris - Low Poly Terrain Engine/Samples/Total Game Assets using Guid(6c348e316e3980c418d90547963402d0) Importer(815301076,1909f56bfc062723c751e8b465ee728b)  -> (artifact id: 'be9a2264f330e7583bfa662a1c06466f') in 0.008354 seconds 
  Import took 0.011741 seconds .

========================================================================
Received Import Request.
  Time since last request: 3.246785 seconds.
  path: Assets/Polaris - Low Poly Ecosystem/Polaris - Low Poly Terrain Engine/Samples/Pinwheel Studio
  artifactKey: Guid(8c72bb5b512c11e4fbe306dd26792de6) Importer(815301076,1909f56bfc062723c751e8b465ee728b)
Start importing Assets/Polaris - Low Poly Ecosystem/Polaris - Low Poly Terrain Engine/Samples/Pinwheel Studio using Guid(8c72bb5b512c11e4fbe306dd26792de6) Importer(815301076,1909f56bfc062723c751e8b465ee728b)  -> (artifact id: 'b86935bd968258487e148168b65e003c') in 0.008354 seconds 
  Import took 0.011573 seconds .

========================================================================
Received Import Request.
  Time since last request: 0.007047 seconds.
  path: Assets/Polaris - Low Poly Ecosystem/Polaris - Low Poly Terrain Engine/Samples/Pinwheel Studio
  artifactKey: Guid(8c72bb5b512c11e4fbe306dd26792de6) Importer(815301076,1909f56bfc062723c751e8b465ee728b)
Start importing Assets/Polaris - Low Poly Ecosystem/Polaris - Low Poly Terrain Engine/Samples/Pinwheel Studio using Guid(8c72bb5b512c11e4fbe306dd26792de6) Importer(815301076,1909f56bfc062723c751e8b465ee728b)  -> (artifact id: 'b86935bd968258487e148168b65e003c') in 0.003288 seconds 
  Import took 0.006297 seconds .

========================================================================
Received Import Request.
  Time since last request: 1.304355 seconds.
  path: Assets/Polaris - Low Poly Ecosystem/Polaris - Low Poly Terrain Engine/Samples/Pinwheel Studio/Scenes
  artifactKey: Guid(06056776981a9d94ea70b8fce4011a8b) Importer(815301076,1909f56bfc062723c751e8b465ee728b)
Start importing Assets/Polaris - Low Poly Ecosystem/Polaris - Low Poly Terrain Engine/Samples/Pinwheel Studio/Scenes using Guid(06056776981a9d94ea70b8fce4011a8b) Importer(815301076,1909f56bfc062723c751e8b465ee728b)  -> (artifact id: '6d608fa784231ecb421fd4f535989f48') in 0.008779 seconds 
  Import took 0.012692 seconds .

========================================================================
Received Import Request.
  Time since last request: 0.000803 seconds.
  path: Assets/Polaris - Low Poly Ecosystem/Polaris - Low Poly Terrain Engine/Samples/Pinwheel Studio/Scenes
  artifactKey: Guid(06056776981a9d94ea70b8fce4011a8b) Importer(815301076,1909f56bfc062723c751e8b465ee728b)
Start importing Assets/Polaris - Low Poly Ecosystem/Polaris - Low Poly Terrain Engine/Samples/Pinwheel Studio/Scenes using Guid(06056776981a9d94ea70b8fce4011a8b) Importer(815301076,1909f56bfc062723c751e8b465ee728b)  -> (artifact id: '6d608fa784231ecb421fd4f535989f48') in 0.003296 seconds 
  Import took 0.005884 seconds .

========================================================================
Received Import Request.
  Time since last request: 1.650495 seconds.
  path: Assets/Polaris - Low Poly Ecosystem/Polaris - Low Poly Terrain Engine/Samples/Pinwheel Studio/Scenes/Demo_00.unity
  artifactKey: Guid(61b5c6590d9bc37489396cc4f20368fa) Importer(815301076,1909f56bfc062723c751e8b465ee728b)
Start importing Assets/Polaris - Low Poly Ecosystem/Polaris - Low Poly Terrain Engine/Samples/Pinwheel Studio/Scenes/Demo_00.unity using Guid(61b5c6590d9bc37489396cc4f20368fa) Importer(815301076,1909f56bfc062723c751e8b465ee728b)  -> (artifact id: 'e934a19842657620beb98c8144b46147') in 0.022421 seconds 
  Import took 0.026892 seconds .

========================================================================
Received Prepare
Registering precompiled user dll's ...
Registered in 0.003086 seconds.
Begin MonoManager ReloadAssembly
Native extension for WindowsStandalone target not found
Refreshing native plugins compatible for Editor in 0.47 ms, found 2 plugins.
Preloading 0 native plugins for Editor in 0.00 ms.
Mono: successfully reloaded assembly
- Completed reload, in  1.127 seconds
Domain Reload Profiling:
	ReloadAssembly (1127ms)
		BeginReloadAssembly (105ms)
			ExecutionOrderSort (0ms)
			DisableScriptedObjects (4ms)
			BackupInstance (0ms)
			ReleaseScriptingObjects (0ms)
			CreateAndSetChildDomain (36ms)
		EndReloadAssembly (974ms)
			LoadAssemblies (71ms)
			RebuildTransferFunctionScriptingTraits (0ms)
			SetupTypeCache (205ms)
			ReleaseScriptCaches (1ms)
			RebuildScriptCaches (43ms)
			SetupLoadedEditorAssemblies (570ms)
				LogAssemblyErrors (0ms)
				InitializePlatformSupportModulesInManaged (5ms)
				SetLoadedEditorAssemblies (0ms)
				RefreshPlugins (1ms)
				BeforeProcessingInitializeOnLoad (65ms)
				ProcessInitializeOnLoadAttributes (173ms)
				ProcessInitializeOnLoadMethodAttributes (322ms)
				AfterProcessingInitializeOnLoad (4ms)
				EditorAssembliesLoaded (0ms)
			ExecutionOrderSort2 (0ms)
			AwakeInstancesAfterBackupRestoration (6ms)
Platform modules already initialized, skipping
Switching build target platform(19) subTarget(0) extendedPlatform(0) -> platform(13) subTarget(537395200) extendedPlatform(0)
Refreshing native plugins compatible for Editor in 0.46 ms, found 2 plugins.
Preloading 0 native plugins for Editor in 0.00 ms.
Unloading 2243 Unused Serialized files (Serialized files now loaded: 0)
System memory in use before: 119.9 MB.
System memory in use after: 118.7 MB.

Unloading 23 unused Assets to reduce memory usage. Loaded Objects now: 2822.
Total: 3.867700 ms (FindLiveObjects: 0.250700 ms CreateObjectMapping: 0.084700 ms MarkObjects: 2.640500 ms  DeleteObjects: 0.890800 ms)

AssetImportParameters requested are different than current active one (requested -> active):
  custom:framework-win-MediaFoundation: 216162199b28c13a410421893ffa2e32 -> 
  custom:video-decoder-ogg-theora: a1e56fd34408186e4bbccfd4996cb3dc -> 
  custom:container-muxer-webm: aa71ff27fc2769a1b78a27578f13a17b -> 
  custom:container-demuxer-webm: 4f35f7cbe854078d1ac9338744f61a02 -> 
  custom:container-demuxer-ogg: 62fdf1f143b41e24485cea50d1cbac27 -> 
  custom:video-encoder-webm-vp8: eb34c28f22e8b96e1ab97ce403110664 -> 
  custom:video-decoder-webm-vp8: 9c59270c3fd7afecdb556c50c9e8de78 -> 
  custom:graphics/normal-map-encoding: 01000000000000000000000000000000 -> 02000000000000000000000000000000
  custom:audio-decoder-ogg-vorbis: bf7c407c2cedff20999df2af8eb42d56 -> 
  custom:audio-encoder-webm-vorbis: bf7c407c2cedff20999df2af8eb42d56 -> 
========================================================================
Received Import Request.
  Time since last request: 237.443536 seconds.
  path: Assets/Polaris - Low Poly Ecosystem/Polaris - Low Poly Terrain Engine/Samples/Pinwheel Studio/Scenes/Demo_00/Generated_TerrainData_e3ea99f6-86fa-4e43-a543-16d7614691c1.asset
  artifactKey: Guid(8b0ee8ba96b27434abe0ecc8b4c5c0d2) Importer(815301076,1909f56bfc062723c751e8b465ee728b)
Start importing Assets/Polaris - Low Poly Ecosystem/Polaris - Low Poly Terrain Engine/Samples/Pinwheel Studio/Scenes/Demo_00/Generated_TerrainData_e3ea99f6-86fa-4e43-a543-16d7614691c1.asset using Guid(8b0ee8ba96b27434abe0ecc8b4c5c0d2) Importer(815301076,1909f56bfc062723c751e8b465ee728b)  -> (artifact id: 'fb56f859addd7bb1a74621756c1c9dc3') in 2.215889 seconds 
  Import took 2.219619 seconds .

========================================================================
Received Import Request.
  Time since last request: 0.000212 seconds.
  path: Assets/Polaris - Low Poly Ecosystem/Polaris - Low Poly Terrain Engine/Samples/Pinwheel Studio/Scenes/Demo_00/RiverDeltaSplats.asset
  artifactKey: Guid(52a9979e1fd2da142a2316c5217c417f) Importer(815301076,1909f56bfc062723c751e8b465ee728b)
Start importing Assets/Polaris - Low Poly Ecosystem/Polaris - Low Poly Terrain Engine/Samples/Pinwheel Studio/Scenes/Demo_00/RiverDeltaSplats.asset using Guid(52a9979e1fd2da142a2316c5217c417f) Importer(815301076,1909f56bfc062723c751e8b465ee728b)  -> (artifact id: '54c039cde81b0c5027a9558f98084fc5') in 0.012946 seconds 
  Import took 0.015754 seconds .

========================================================================
Received Import Request.
  Time since last request: 0.000195 seconds.
  path: Assets/Polaris - Low Poly Ecosystem/Polaris - Low Poly Terrain Engine/Samples/Pinwheel Studio/Scenes/Demo_00/Global Volume Profile.asset
  artifactKey: Guid(adbc2c18f499070449fea21e147d9d1d) Importer(815301076,1909f56bfc062723c751e8b465ee728b)
Start importing Assets/Polaris - Low Poly Ecosystem/Polaris - Low Poly Terrain Engine/Samples/Pinwheel Studio/Scenes/Demo_00/Global Volume Profile.asset using Guid(adbc2c18f499070449fea21e147d9d1d) Importer(815301076,1909f56bfc062723c751e8b465ee728b)  -> (artifact id: 'aca8212a9bf5ef2b9a2bb79810ba7be6') in 0.008887 seconds 
  Import took 0.011904 seconds .

========================================================================
Received Import Request.
  Time since last request: 0.000211 seconds.
  path: Assets/Polaris - Low Poly Ecosystem/Polaris - Low Poly Terrain Engine/Samples/Pinwheel Studio/Scenes/Demo_00/PPP.asset
  artifactKey: Guid(a725f39e3fc70ff4196379f6e22f7a1d) Importer(815301076,1909f56bfc062723c751e8b465ee728b)
Start importing Assets/Polaris - Low Poly Ecosystem/Polaris - Low Poly Terrain Engine/Samples/Pinwheel Studio/Scenes/Demo_00/PPP.asset using Guid(a725f39e3fc70ff4196379f6e22f7a1d) Importer(815301076,1909f56bfc062723c751e8b465ee728b)  -> (artifact id: '1991d5f73630dd8425b7fcd8a05faf8e') in 0.009297 seconds 
  Import took 0.012278 seconds .

========================================================================
Received Import Request.
  Time since last request: 0.000173 seconds.
  path: Assets/Polaris - Low Poly Ecosystem/Polaris - Low Poly Terrain Engine/Samples/Pinwheel Studio/Scenes/Demo_00/RiverDeltaGrasses.asset
  artifactKey: Guid(2b9549e8cbe51ba479a08ea7e1388a33) Importer(815301076,1909f56bfc062723c751e8b465ee728b)
Start importing Assets/Polaris - Low Poly Ecosystem/Polaris - Low Poly Terrain Engine/Samples/Pinwheel Studio/Scenes/Demo_00/RiverDeltaGrasses.asset using Guid(2b9549e8cbe51ba479a08ea7e1388a33) Importer(815301076,1909f56bfc062723c751e8b465ee728b)  -> (artifact id: '1fd8844907385a68bac9059f3901e3ab') in 0.014371 seconds 
  Import took 0.018273 seconds .

========================================================================
Received Import Request.
  Time since last request: 0.000185 seconds.
  path: Assets/Polaris - Low Poly Ecosystem/Polaris - Low Poly Terrain Engine/Samples/Pinwheel Studio/Scenes/Demo_00/TerrainMaterial_e3ea99f6-86fa-4e43-a543-16d7614691c1.mat
  artifactKey: Guid(fffd793c60335c240ae1c3dc932c5e9a) Importer(815301076,1909f56bfc062723c751e8b465ee728b)
Start importing Assets/Polaris - Low Poly Ecosystem/Polaris - Low Poly Terrain Engine/Samples/Pinwheel Studio/Scenes/Demo_00/TerrainMaterial_e3ea99f6-86fa-4e43-a543-16d7614691c1.mat using Guid(fffd793c60335c240ae1c3dc932c5e9a) Importer(815301076,1909f56bfc062723c751e8b465ee728b)  -> (artifact id: '77d7d2212cd583742c49b907a0914292') in 0.220055 seconds 
  Import took 0.223296 seconds .

========================================================================
Received Import Request.
  Time since last request: 0.000187 seconds.
  path: Assets/Polaris - Low Poly Ecosystem/Polaris - Low Poly Terrain Engine/Samples/Pinwheel Studio/Scenes/Demo_00/RiverDeltaTrees.asset
  artifactKey: Guid(8ea29c03c692e684b939c1aa5215ea83) Importer(815301076,1909f56bfc062723c751e8b465ee728b)
Start importing Assets/Polaris - Low Poly Ecosystem/Polaris - Low Poly Terrain Engine/Samples/Pinwheel Studio/Scenes/Demo_00/RiverDeltaTrees.asset using Guid(8ea29c03c692e684b939c1aa5215ea83) Importer(815301076,1909f56bfc062723c751e8b465ee728b)  -> (artifact id: 'd7b5b110aa4da907ca074967ad7b0d80') in 0.010631 seconds 
  Import took 0.013648 seconds .

========================================================================
Received Import Request.
  Time since last request: 0.000203 seconds.
  path: Assets/Polaris - Low Poly Ecosystem/Polaris - Low Poly Terrain Engine/Samples/Pinwheel Studio/Scenes/Demo_00/TerrainData_e3ea99f6-86fa-4e43-a543-16d7614691c1.asset
  artifactKey: Guid(22c8780ef9dcb8349bf3496fa203a88d) Importer(815301076,1909f56bfc062723c751e8b465ee728b)
Start importing Assets/Polaris - Low Poly Ecosystem/Polaris - Low Poly Terrain Engine/Samples/Pinwheel Studio/Scenes/Demo_00/TerrainData_e3ea99f6-86fa-4e43-a543-16d7614691c1.asset using Guid(22c8780ef9dcb8349bf3496fa203a88d) Importer(815301076,1909f56bfc062723c751e8b465ee728b)  -> (artifact id: '064b48d32f48f200d148378d282779a0') in 1.741500 seconds 
  Import took 1.744854 seconds .

========================================================================
Received Import Request.
  Time since last request: 8.265750 seconds.
  path: Assets/Scenes/SampleScene.unity
  artifactKey: Guid(9fc0d4010bbf28b4594072e72b8655ab) Importer(815301076,1909f56bfc062723c751e8b465ee728b)
Start importing Assets/Scenes/SampleScene.unity using Guid(9fc0d4010bbf28b4594072e72b8655ab) Importer(815301076,1909f56bfc062723c751e8b465ee728b)  -> (artifact id: '85059f4f9e1a832ed95adaa0d25c5c4c') in 0.008711 seconds 
  Import took 0.012107 seconds .

AssetImportWorkerClient::OnTransportError - code=2 error=End of file
