Using pre-set license
Built from '2020.3/staging' branch; Version is '2020.3.18f1 (a7d1c678663c) revision 10998214'; Using compiler version '192528614'; Build Type 'Release'
OS: 'Windows 10 Pro; OS build 22000.493; Version 2009; 64bit' Language: 'en' Physical Memory: 16306 MB
BatchMode: 1, IsHumanControllingUs: 0, StartBugReporterOnCrash: 0, Is64bit: 1, IsPro: 0

COMMAND LINE ARGUMENTS:
C:\Program Files\Unity\Hub\Editor\2020.3.18f1\Editor\Unity.exe
-adb2
-batchMode
-noUpm
-name
AssetImportWorker0
-projectPath
D:/GIC2022/GIC2022/Game-Innovation-Challenge-2022-UWS-Team/GIC2022 - UWS TEAM
-logFile
Logs/AssetImportWorker0.log
-srvPort
49738
Successfully changed project path to: D:/GIC2022/GIC2022/Game-Innovation-Challenge-2022-UWS-Team/GIC2022 - UWS TEAM
D:/GIC2022/GIC2022/Game-Innovation-Challenge-2022-UWS-Team/GIC2022 - UWS TEAM
Using Asset Import Pipeline V2.
Refreshing native plugins compatible for Editor in 41.38 ms, found 2 plugins.
Preloading 0 native plugins for Editor in 0.00 ms.
Initialize engine version: 2020.3.18f1 (a7d1c678663c)
[Subsystems] Discovering subsystems at path C:/Program Files/Unity/Hub/Editor/2020.3.18f1/Editor/Data/Resources/UnitySubsystems
[Subsystems] Discovering subsystems at path D:/GIC2022/GIC2022/Game-Innovation-Challenge-2022-UWS-Team/GIC2022 - UWS TEAM/Assets
GfxDevice: creating device client; threaded=0
Direct3D:
    Version:  Direct3D 11.0 [level 11.1]
    Renderer: NVIDIA GeForce RTX 2070 SUPER (ID=0x1e84)
    Vendor:   
    VRAM:     8011 MB
    Driver:   30.0.14.9649
Initialize mono
Mono path[0] = 'C:/Program Files/Unity/Hub/Editor/2020.3.18f1/Editor/Data/Managed'
Mono path[1] = 'C:/Program Files/Unity/Hub/Editor/2020.3.18f1/Editor/Data/MonoBleedingEdge/lib/mono/unityjit'
Mono config path = 'C:/Program Files/Unity/Hub/Editor/2020.3.18f1/Editor/Data/MonoBleedingEdge/etc'
Using monoOptions --debugger-agent=transport=dt_socket,embedding=1,server=y,suspend=n,address=127.0.0.1:56324
Begin MonoManager ReloadAssembly
Registering precompiled unity dll's ...
Register platform support module: C:/Program Files/Unity/Hub/Editor/2020.3.18f1/Editor/Data/PlaybackEngines/WindowsStandaloneSupport/UnityEditor.WindowsStandalone.Extensions.dll
Registered in 0.001234 seconds.
Native extension for WindowsStandalone target not found
Refreshing native plugins compatible for Editor in 40.98 ms, found 2 plugins.
Preloading 0 native plugins for Editor in 0.00 ms.
Mono: successfully reloaded assembly
- Completed reload, in  1.037 seconds
Domain Reload Profiling:
	ReloadAssembly (1038ms)
		BeginReloadAssembly (43ms)
			ExecutionOrderSort (0ms)
			DisableScriptedObjects (0ms)
			BackupInstance (0ms)
			ReleaseScriptingObjects (0ms)
			CreateAndSetChildDomain (1ms)
		EndReloadAssembly (370ms)
			LoadAssemblies (42ms)
			RebuildTransferFunctionScriptingTraits (0ms)
			SetupTypeCache (113ms)
			ReleaseScriptCaches (0ms)
			RebuildScriptCaches (29ms)
			SetupLoadedEditorAssemblies (156ms)
				LogAssemblyErrors (0ms)
				InitializePlatformSupportModulesInManaged (4ms)
				SetLoadedEditorAssemblies (0ms)
				RefreshPlugins (41ms)
				BeforeProcessingInitializeOnLoad (13ms)
				ProcessInitializeOnLoadAttributes (74ms)
				ProcessInitializeOnLoadMethodAttributes (24ms)
				AfterProcessingInitializeOnLoad (0ms)
				EditorAssembliesLoaded (0ms)
			ExecutionOrderSort2 (0ms)
			AwakeInstancesAfterBackupRestoration (0ms)
Platform modules already initialized, skipping
Registering precompiled user dll's ...
Registered in 0.002188 seconds.
Begin MonoManager ReloadAssembly
Native extension for WindowsStandalone target not found
Refreshing native plugins compatible for Editor in 0.53 ms, found 2 plugins.
Preloading 0 native plugins for Editor in 0.00 ms.
Mono: successfully reloaded assembly
- Completed reload, in  1.174 seconds
Domain Reload Profiling:
	ReloadAssembly (1175ms)
		BeginReloadAssembly (114ms)
			ExecutionOrderSort (0ms)
			DisableScriptedObjects (4ms)
			BackupInstance (0ms)
			ReleaseScriptingObjects (0ms)
			CreateAndSetChildDomain (17ms)
		EndReloadAssembly (1011ms)
			LoadAssemblies (70ms)
			RebuildTransferFunctionScriptingTraits (0ms)
			SetupTypeCache (214ms)
			ReleaseScriptCaches (1ms)
			RebuildScriptCaches (48ms)
			SetupLoadedEditorAssemblies (606ms)
				LogAssemblyErrors (0ms)
				InitializePlatformSupportModulesInManaged (5ms)
				SetLoadedEditorAssemblies (0ms)
				RefreshPlugins (1ms)
				BeforeProcessingInitializeOnLoad (77ms)
				ProcessInitializeOnLoadAttributes (190ms)
				ProcessInitializeOnLoadMethodAttributes (327ms)
				AfterProcessingInitializeOnLoad (4ms)
				EditorAssembliesLoaded (0ms)
			ExecutionOrderSort2 (0ms)
			AwakeInstancesAfterBackupRestoration (6ms)
Platform modules already initialized, skipping
========================================================================
Worker process is ready to serve import requests
Launched and connected shader compiler UnityShaderCompiler.exe after 0.05 seconds
Refreshing native plugins compatible for Editor in 0.69 ms, found 2 plugins.
Preloading 0 native plugins for Editor in 0.00 ms.
Unloading 2499 Unused Serialized files (Serialized files now loaded: 0)
System memory in use before: 153.6 MB.
System memory in use after: 152.7 MB.

Unloading 27 unused Assets to reduce memory usage. Loaded Objects now: 2940.
Total: 4.049300 ms (FindLiveObjects: 0.244800 ms CreateObjectMapping: 0.109500 ms MarkObjects: 3.091100 ms  DeleteObjects: 0.602900 ms)

AssetImportParameters requested are different than current active one (requested -> active):
  custom:framework-win-MediaFoundation: 216162199b28c13a410421893ffa2e32 -> 
  custom:video-decoder-ogg-theora: a1e56fd34408186e4bbccfd4996cb3dc -> 
  custom:container-muxer-webm: aa71ff27fc2769a1b78a27578f13a17b -> 
  custom:container-demuxer-webm: 4f35f7cbe854078d1ac9338744f61a02 -> 
  custom:container-demuxer-ogg: 62fdf1f143b41e24485cea50d1cbac27 -> 
  custom:video-encoder-webm-vp8: eb34c28f22e8b96e1ab97ce403110664 -> 
  custom:video-decoder-webm-vp8: 9c59270c3fd7afecdb556c50c9e8de78 -> 
  custom:audio-decoder-ogg-vorbis: bf7c407c2cedff20999df2af8eb42d56 -> 
  custom:audio-encoder-webm-vorbis: bf7c407c2cedff20999df2af8eb42d56 -> 
========================================================================
Received Import Request.
  path: Assets/Polaris - Low Poly Ecosystem/Polaris - Low Poly Terrain Engine/Samples/Pinwheel Studio/Scenes/Demo_00/raft.fbx
  artifactKey: Guid(79efd8071f544874096084f9163cf05f) Importer(815301076,1909f56bfc062723c751e8b465ee728b)
Start importing Assets/Polaris - Low Poly Ecosystem/Polaris - Low Poly Terrain Engine/Samples/Pinwheel Studio/Scenes/Demo_00/raft.fbx using Guid(79efd8071f544874096084f9163cf05f) Importer(815301076,1909f56bfc062723c751e8b465ee728b)  -> (artifact id: '9bd4eea0d6e10d7fb59c04e3ff646c8d') in 0.245890 seconds 
  Import took 0.272690 seconds .

========================================================================
Received Import Request.
  Time since last request: 21.481684 seconds.
  path: Assets/Polaris - Low Poly Ecosystem/Polaris - Low Poly Terrain Engine/Samples/Pinwheel Studio/Scenes/Demo_00/raft material.mat
  artifactKey: Guid(fefe0e6b0052e6d408c73a5485178ce0) Importer(815301076,1909f56bfc062723c751e8b465ee728b)
Start importing Assets/Polaris - Low Poly Ecosystem/Polaris - Low Poly Terrain Engine/Samples/Pinwheel Studio/Scenes/Demo_00/raft material.mat using Guid(fefe0e6b0052e6d408c73a5485178ce0) Importer(815301076,1909f56bfc062723c751e8b465ee728b)  -> (artifact id: '5cdcc075c4f9c89fadb8cef6f9ba3a40') in 0.034378 seconds 
  Import took 0.055656 seconds .

========================================================================
Received Import Request.
  Time since last request: 10.216964 seconds.
  path: Assets/Polaris - Low Poly Ecosystem/Polaris - Low Poly Terrain Engine/Samples/Pinwheel Studio/Scenes/Demo_00/raft.fbx
  artifactKey: Guid(79efd8071f544874096084f9163cf05f) Importer(815301076,1909f56bfc062723c751e8b465ee728b)
Start importing Assets/Polaris - Low Poly Ecosystem/Polaris - Low Poly Terrain Engine/Samples/Pinwheel Studio/Scenes/Demo_00/raft.fbx using Guid(79efd8071f544874096084f9163cf05f) Importer(815301076,1909f56bfc062723c751e8b465ee728b)  -> (artifact id: '81d6b70714f40d301f4e8bfc283a97ad') in 0.083977 seconds 
  Import took 0.106812 seconds .

========================================================================
Received Import Request.
  Time since last request: 0.000219 seconds.
  path: Assets/Polaris - Low Poly Ecosystem/Polaris - Low Poly Terrain Engine/Samples/Pinwheel Studio/Scenes/Demo_00/Wood.png
  artifactKey: Guid(ee75240399440f648beb0bd71089f5e1) Importer(815301076,1909f56bfc062723c751e8b465ee728b)
Start importing Assets/Polaris - Low Poly Ecosystem/Polaris - Low Poly Terrain Engine/Samples/Pinwheel Studio/Scenes/Demo_00/Wood.png using Guid(ee75240399440f648beb0bd71089f5e1) Importer(815301076,1909f56bfc062723c751e8b465ee728b)  -> (artifact id: 'a6c101c33e36c4b720d2325edf2dbf54') in 0.030277 seconds 
  Import took 0.051600 seconds .

========================================================================
Received Import Request.
  Time since last request: 82.475143 seconds.
  path: Assets/Polaris - Low Poly Ecosystem/Polaris - Low Poly Terrain Engine/Samples/Pinwheel Studio/Scenes/Demo_00/raft.fbx
  artifactKey: Guid(79efd8071f544874096084f9163cf05f) Importer(815301076,1909f56bfc062723c751e8b465ee728b)
Start importing Assets/Polaris - Low Poly Ecosystem/Polaris - Low Poly Terrain Engine/Samples/Pinwheel Studio/Scenes/Demo_00/raft.fbx using Guid(79efd8071f544874096084f9163cf05f) Importer(815301076,1909f56bfc062723c751e8b465ee728b)  -> (artifact id: 'ebd4d511af09002c0a60c42e5fa9364c') in 0.083709 seconds 
  Import took 0.097104 seconds .

========================================================================
Received Import Request.
  Time since last request: 0.001217 seconds.
  path: Assets/Polaris - Low Poly Ecosystem/Polaris - Low Poly Terrain Engine/Samples/Pinwheel Studio/Scenes/Demo_00/raft.fbx
  artifactKey: Guid(79efd8071f544874096084f9163cf05f) Importer(815301076,1909f56bfc062723c751e8b465ee728b)
Start importing Assets/Polaris - Low Poly Ecosystem/Polaris - Low Poly Terrain Engine/Samples/Pinwheel Studio/Scenes/Demo_00/raft.fbx using Guid(79efd8071f544874096084f9163cf05f) Importer(815301076,1909f56bfc062723c751e8b465ee728b)  -> (artifact id: 'ebd4d511af09002c0a60c42e5fa9364c') in 0.081817 seconds 
  Import took 0.085638 seconds .

========================================================================
Received Import Request.
  Time since last request: 4.842361 seconds.
  path: Assets/Polaris - Low Poly Ecosystem/Polaris - Low Poly Terrain Engine/Samples/Pinwheel Studio/Scenes/Demo_00/raft.fbx
  artifactKey: Guid(79efd8071f544874096084f9163cf05f) Importer(815301076,1909f56bfc062723c751e8b465ee728b)
Start importing Assets/Polaris - Low Poly Ecosystem/Polaris - Low Poly Terrain Engine/Samples/Pinwheel Studio/Scenes/Demo_00/raft.fbx using Guid(79efd8071f544874096084f9163cf05f) Importer(815301076,1909f56bfc062723c751e8b465ee728b)  -> (artifact id: 'd05c6a037abcd1cc67695fd423fe8d15') in 0.082891 seconds 
  Import took 0.119197 seconds .

========================================================================
Received Import Request.
  Time since last request: 0.002360 seconds.
  path: Assets/Polaris - Low Poly Ecosystem/Polaris - Low Poly Terrain Engine/Samples/Pinwheel Studio/Scenes/Demo_00/raft.fbx
  artifactKey: Guid(79efd8071f544874096084f9163cf05f) Importer(815301076,1909f56bfc062723c751e8b465ee728b)
Start importing Assets/Polaris - Low Poly Ecosystem/Polaris - Low Poly Terrain Engine/Samples/Pinwheel Studio/Scenes/Demo_00/raft.fbx using Guid(79efd8071f544874096084f9163cf05f) Importer(815301076,1909f56bfc062723c751e8b465ee728b)  -> (artifact id: 'd05c6a037abcd1cc67695fd423fe8d15') in 0.085588 seconds 
  Import took 0.088954 seconds .

========================================================================
Received Import Request.
  Time since last request: 137.563703 seconds.
  path: Assets/WaterProfile_213892496948208736.asset
  artifactKey: Guid(e07d9e35dfffffd47999272e0888d5fd) Importer(815301076,1909f56bfc062723c751e8b465ee728b)
Start importing Assets/WaterProfile_213892496948208736.asset using Guid(e07d9e35dfffffd47999272e0888d5fd) Importer(815301076,1909f56bfc062723c751e8b465ee728b)  -> (artifact id: '8dcc5d28346620403ea369c13c203211') in 0.012675 seconds 
  Import took 0.031089 seconds .

========================================================================
Received Import Request.
  Time since last request: 5.003467 seconds.
  path: Assets/Models
  artifactKey: Guid(b5e49fae48d732e4188f8bfa7eb46bd6) Importer(815301076,1909f56bfc062723c751e8b465ee728b)
Start importing Assets/Models using Guid(b5e49fae48d732e4188f8bfa7eb46bd6) Importer(815301076,1909f56bfc062723c751e8b465ee728b)  -> (artifact id: 'd0f8c17a0bb9d930fe58d9bf9f9eb06e') in 0.013603 seconds 
  Import took 0.017301 seconds .

========================================================================
Received Import Request.
  Time since last request: 26.791522 seconds.
  path: Assets/Models/raft material.mat
  artifactKey: Guid(fefe0e6b0052e6d408c73a5485178ce0) Importer(815301076,1909f56bfc062723c751e8b465ee728b)
Start importing Assets/Models/raft material.mat using Guid(fefe0e6b0052e6d408c73a5485178ce0) Importer(815301076,1909f56bfc062723c751e8b465ee728b)  -> (artifact id: 'a0722d2273cfaeb1878178205a73b30e') in 0.023732 seconds 
  Import took 0.040677 seconds .

========================================================================
Received Import Request.
  Time since last request: 5.264593 seconds.
  path: Assets/Models/Materials
  artifactKey: Guid(7d9f6b761d99b7b4483f026d774ae1f5) Importer(815301076,1909f56bfc062723c751e8b465ee728b)
Start importing Assets/Models/Materials using Guid(7d9f6b761d99b7b4483f026d774ae1f5) Importer(815301076,1909f56bfc062723c751e8b465ee728b)  -> (artifact id: '776be996efefddf191524bb75e1e14d3') in 0.008319 seconds 
  Import took 0.035831 seconds .

AssetImportWorkerClient::OnTransportError - code=2 error=End of file
